<?xml version="1.0" encoding="UTF-8"?>
<!-- Generated by org.testng.reporters.JUnitReportReporter -->
<testsuite hostname="INBOOK_X1_SLIM" failures="0" tests="14" name="cromePackage.priceAverage" time="14.287" errors="0" timestamp="2024-08-06T01:48:49 IST" skipped="0">
  <testcase classname="cromePackage.priceAverage" name="filter" time="0.761"/>
  <testcase classname="cromePackage.priceAverage" name="getPriceOf5Product" time="0.071"/>
  <testcase classname="cromePackage.priceAverage" name="searchRefrigerator" time="5.338"/>
  <testcase classname="cromePackage.priceAverage" name="getPriceOf4Product" time="0.069"/>
  <testcase classname="cromePackage.priceAverage" name="getPriceOf1Product" time="0.103"/>
  <testcase classname="cromePackage.priceAverage" name="getPriceOf9Product" time="0.122"/>
  <testcase classname="cromePackage.priceAverage" name="getPriceOf3Product" time="0.068"/>
  <testcase classname="cromePackage.priceAverage" name="getPriceOf6Product" time="0.386"/>
  <testcase classname="cromePackage.priceAverage" name="getPriceOf8Product" time="0.070"/>
  <testcase classname="cromePackage.priceAverage" name="getPriceOf2Product" time="0.079"/>
  <testcase classname="cromePackage.priceAverage" name="invokeBrowser" time="6.962"/>
  <testcase classname="cromePackage.priceAverage" name="getPriceOf10Product" time="0.108"/>
  <testcase classname="cromePackage.priceAverage" name="Average" time="0.002"/>
  <testcase classname="cromePackage.priceAverage" name="getPriceOf7Product" time="0.148"/>
</testsuite> <!-- cromePackage.priceAverage -->
